[15:33:22.658] [INFO] storybook v10.3.5
[15:33:22.881] [DEBUG] Getting package.json info for /Users/vanessa/Desktop/Repo/design-system-portfoliovmp/package.json...
[15:33:23.485] [INFO] Starting...
[15:33:23.646] [DEBUG] Starting preview..
[15:33:23.690] [WARN] 🚨 Unable to index ./src/components/Themes/Themes.stories.jsx:
  TypeError: Duplicate declaration "Themes"
  5 | };
  6 |
> 7 | export const Themes = () => <Themes portfolio="dev" />;
    |              ^^^^^^
    at File2.buildCodeFrameError (file:///Users/vanessa/Desktop/Repo/design-system-portfoliovmp/node_modules/storybook/dist/_node-chunks/chunk-JXXWBFBF.js:33320:16)
    at _Scope.checkBlockScopedCollisions (file:///Users/vanessa/Desktop/Repo/design-system-portfoliovmp/node_modules/storybook/dist/_node-chunks/chunk-JXXWBFBF.js:24202:31)
    at _Scope.registerBinding (file:///Users/vanessa/Desktop/Repo/design-system-portfoliovmp/node_modules/storybook/dist/_node-chunks/chunk-JXXWBFBF.js:24286:20)
    at _Scope.registerDeclaration (file:///Users/vanessa/Desktop/Repo/design-system-portfoliovmp/node_modules/storybook/dist/_node-chunks/chunk-JXXWBFBF.js:24245:18)
    at Object.BlockScoped (file:///Users/vanessa/Desktop/Repo/design-system-portfoliovmp/node_modules/storybook/dist/_node-chunks/chunk-JXXWBFBF.js:24094:83)
    at Object.newFn (file:///Users/vanessa/Desktop/Repo/design-system-portfoliovmp/node_modules/storybook/dist/_node-chunks/chunk-JXXWBFBF.js:23521:21)
    at NodePath._call (file:///Users/vanessa/Desktop/Repo/design-system-portfoliovmp/node_modules/storybook/dist/_node-chunks/chunk-JXXWBFBF.js:31696:22)
    at NodePath.call (file:///Users/vanessa/Desktop/Repo/design-system-portfoliovmp/node_modules/storybook/dist/_node-chunks/chunk-JXXWBFBF.js:31686:22)
    at NodePath.visit (file:///Users/vanessa/Desktop/Repo/design-system-portfoliovmp/node_modules/storybook/dist/_node-chunks/chunk-JXXWBFBF.js:31719:38)
    at TraversalContext.visitQueue (file:///Users/vanessa/Desktop/Repo/design-system-portfoliovmp/node_modules/storybook/dist/_node-chunks/chunk-JXXWBFBF.js:31605:49)
[15:33:23.694] [ERROR] Failed to build the preview
[15:33:23.697] [ERROR] Error: Unable to index ./src/components/Themes/Themes.stories.jsx
    at _StoryIndexGenerator.getIndexAndStats (file://./node_modules/storybook/dist/core-server/index.js:6282:15)
    at async _StoryIndexGenerator.getIndex (file://./node_modules/storybook/dist/core-server/index.js:6271:13)
    at async BasicMinimalPluginContext.config (file://./node_modules/@storybook/builder-vite/dist/_node-chunks/chunk-2UAJDYWO.js:184:19)
    at async runConfigHook (file://./node_modules/vite/dist/node/chunks/node.js:34709:15)
    at async resolveConfig (file://./node_modules/vite/dist/node/chunks/node.js:34159:11)
    at async _createServer (file://./node_modules/vite/dist/node/chunks/node.js:26002:65)
    at async Module.start (file://./node_modules/@storybook/builder-vite/dist/index.js:1557:17)
    at async storybookDevServer (file://./node_modules/storybook/dist/core-server/index.js:7503:83)
    at async buildOrThrow (file://./node_modules/storybook/dist/core-server/index.js:4508:12)
    at async buildDevStandalone (file://./node_modules/storybook/dist/core-server/index.js:8033:41)
[15:33:23.698] [WARN] Broken build, fix the error above.
You may need to refresh the browser.